#! /usr/local/bin/vvp
:ivl_version "11.0 (devel)" "(s20150603-474-g62e0f59b)";
:ivl_delay_selection "TYPICAL";
:vpi_time_precision - 12;
:vpi_module "system";
:vpi_module "vhdl_sys";
:vpi_module "vhdl_textio";
:vpi_module "v2005_math";
:vpi_module "va_math";
:vpi_module "v2009";
S_0x7fadb1403170 .scope module, "GCDTest" "GCDTest" 2 3;
 .timescale -9 -12;
v0x7fadb1414da0_0 .var "a", 31 0;
v0x7fadb1414e30_0 .var "b", 31 0;
v0x7fadb1414ec0_0 .var "clk", 0 0;
v0x7fadb1414f90_0 .net "done", 0 0, v0x7fadb1414960_0;  1 drivers
v0x7fadb1415040_0 .net "gcd", 31 0, v0x7fadb1414a00_0;  1 drivers
v0x7fadb1415110_0 .var "rst", 0 0;
S_0x7fadb14032e0 .scope begin, "$unm_blk_14" "$unm_blk_14" 2 29, 2 29 0, S_0x7fadb1403170;
 .timescale -9 -12;
v0x7fadb1403450_0 .var/2s "NUM_TESTS", 31 0;
v0x7fadb14134e0_0 .var/2s "expected_val", 31 0;
v0x7fadb1413580_0 .var/2s "test_id", 31 0;
v0x7fadb1413630_0 .var/2s "test_result", 31 0;
E_0x7fadb1403060 .event posedge, v0x7fadb1414960_0;
S_0x7fadb14136e0 .scope function.vec4.u32, "gcd_fcn" "gcd_fcn" 2 17, 2 17 0, S_0x7fadb1403170;
 .timescale -9 -12;
v0x7fadb14138b0_0 .var/2s "a", 31 0;
v0x7fadb1413960_0 .var/2s "b", 31 0;
; Variable gcd_fcn is bool return value of scope S_0x7fadb14136e0
TD_GCDTest.gcd_fcn ;
    %load/vec4 v0x7fadb1413960_0;
    %cmpi/e 0, 0, 32;
    %flag_mov 8, 4;
    %jmp/0 T_0.0, 8;
    %load/vec4 v0x7fadb14138b0_0;
    %jmp/1 T_0.1, 8;
T_0.0 ; End of true expr.
    %load/vec4 v0x7fadb1413960_0;
    %load/vec4 v0x7fadb14138b0_0;
    %load/vec4 v0x7fadb1413960_0;
    %mod/s;
    %cast2;
    %store/vec4 v0x7fadb1413960_0, 0, 32;
    %store/vec4 v0x7fadb14138b0_0, 0, 32;
    %callf/vec4 TD_GCDTest.gcd_fcn, S_0x7fadb14136e0;
    %jmp/0 T_0.1, 8;
 ; End of false expr.
    %blend;
T_0.1;
    %ret/vec4 0, 0, 32;  Assign to gcd_fcn (store_vec4_to_lval)
    %disable S_0x7fadb14136e0;
    %end;
S_0x7fadb1413ad0 .scope function.vec4.u32, "gcd_fcn_while" "gcd_fcn_while" 2 21, 2 21 0, S_0x7fadb1403170;
 .timescale -9 -12;
v0x7fadb1413cb0_0 .var/2s "a", 31 0;
v0x7fadb1413d60_0 .var/2s "b", 31 0;
; Variable gcd_fcn_while is bool return value of scope S_0x7fadb1413ad0
TD_GCDTest.gcd_fcn_while ;
T_1.2 ;
    %load/vec4 v0x7fadb1413cb0_0;
    %load/vec4 v0x7fadb1413d60_0;
    %cmp/ne;
    %jmp/0xz T_1.3, 4;
    %load/vec4 v0x7fadb1413d60_0;
    %load/vec4 v0x7fadb1413cb0_0;
    %cmp/s;
    %jmp/0xz  T_1.4, 5;
    %load/vec4 v0x7fadb1413cb0_0;
    %load/vec4 v0x7fadb1413d60_0;
    %sub;
    %cast2;
    %store/vec4 v0x7fadb1413cb0_0, 0, 32;
    %jmp T_1.5;
T_1.4 ;
    %load/vec4 v0x7fadb1413d60_0;
    %load/vec4 v0x7fadb1413cb0_0;
    %sub;
    %cast2;
    %store/vec4 v0x7fadb1413d60_0, 0, 32;
T_1.5 ;
    %jmp T_1.2;
T_1.3 ;
    %load/vec4 v0x7fadb1413cb0_0;
    %ret/vec4 0, 0, 32;  Assign to gcd_fcn_while (store_vec4_to_lval)
    %disable S_0x7fadb1413ad0;
    %end;
S_0x7fadb1413ed0 .scope module, "gcd_inst" "GCD" 2 7, 3 3 0, S_0x7fadb1403170;
 .timescale -9 -12;
    .port_info 0 /INPUT 1 "clk"
    .port_info 1 /INPUT 1 "rst_n"
    .port_info 2 /INPUT 32 "a_in"
    .port_info 3 /INPUT 32 "b_in"
    .port_info 4 /OUTPUT 1 "done"
    .port_info 5 /OUTPUT 32 "gcd"
P_0x7fadb1414090 .param/l "s0" 0 3 12, C4<00>;
P_0x7fadb14140d0 .param/l "s1" 0 3 12, C4<01>;
P_0x7fadb1414110 .param/l "s2" 0 3 12, C4<10>;
P_0x7fadb1414150 .param/l "s3" 0 3 12, C4<11>;
v0x7fadb1414440_0 .var "a", 31 0;
v0x7fadb1414500_0 .net "a_in", 31 0, v0x7fadb1414da0_0;  1 drivers
v0x7fadb14145b0_0 .var "a_next", 31 0;
v0x7fadb1414670_0 .var "b", 31 0;
v0x7fadb1414720_0 .net "b_in", 31 0, v0x7fadb1414e30_0;  1 drivers
v0x7fadb1414810_0 .var "b_next", 31 0;
v0x7fadb14148c0_0 .net "clk", 0 0, v0x7fadb1414ec0_0;  1 drivers
v0x7fadb1414960_0 .var "done", 0 0;
v0x7fadb1414a00_0 .var "gcd", 31 0;
v0x7fadb1414b10_0 .net "rst_n", 0 0, v0x7fadb1415110_0;  1 drivers
v0x7fadb1414bb0_0 .var "state", 1 0;
v0x7fadb1414c60_0 .var "state_next", 1 0;
E_0x7fadb14143a0/0 .event edge, v0x7fadb1414440_0, v0x7fadb1414670_0, v0x7fadb1414bb0_0, v0x7fadb1414500_0;
E_0x7fadb14143a0/1 .event edge, v0x7fadb1414720_0;
E_0x7fadb14143a0 .event/or E_0x7fadb14143a0/0, E_0x7fadb14143a0/1;
E_0x7fadb1414400 .event posedge, v0x7fadb14148c0_0;
    .scope S_0x7fadb1413ed0;
T_2 ;
    %wait E_0x7fadb1414400;
    %load/vec4 v0x7fadb1414b10_0;
    %flag_set/vec4 8;
    %jmp/0xz  T_2.0, 8;
    %pushi/vec4 0, 0, 32;
    %assign/vec4 v0x7fadb1414440_0, 0;
    %pushi/vec4 0, 0, 32;
    %assign/vec4 v0x7fadb1414670_0, 0;
    %pushi/vec4 0, 0, 2;
    %assign/vec4 v0x7fadb1414bb0_0, 0;
    %jmp T_2.1;
T_2.0 ;
    %load/vec4 v0x7fadb14145b0_0;
    %assign/vec4 v0x7fadb1414440_0, 0;
    %load/vec4 v0x7fadb1414810_0;
    %assign/vec4 v0x7fadb1414670_0, 0;
    %load/vec4 v0x7fadb1414c60_0;
    %assign/vec4 v0x7fadb1414bb0_0, 0;
T_2.1 ;
    %jmp T_2;
    .thread T_2;
    .scope S_0x7fadb1413ed0;
T_3 ;
    %wait E_0x7fadb14143a0;
    %load/vec4 v0x7fadb1414440_0;
    %store/vec4 v0x7fadb14145b0_0, 0, 32;
    %load/vec4 v0x7fadb1414670_0;
    %store/vec4 v0x7fadb1414810_0, 0, 32;
    %pushi/vec4 0, 0, 32;
    %store/vec4 v0x7fadb1414a00_0, 0, 32;
    %load/vec4 v0x7fadb1414bb0_0;
    %store/vec4 v0x7fadb1414c60_0, 0, 2;
    %load/vec4 v0x7fadb1414bb0_0;
    %dup/vec4;
    %pushi/vec4 0, 0, 2;
    %cmp/u;
    %jmp/1 T_3.0, 6;
    %dup/vec4;
    %pushi/vec4 1, 0, 2;
    %cmp/u;
    %jmp/1 T_3.1, 6;
    %dup/vec4;
    %pushi/vec4 2, 0, 2;
    %cmp/u;
    %jmp/1 T_3.2, 6;
    %pushi/vec4 0, 0, 2;
    %store/vec4 v0x7fadb1414c60_0, 0, 2;
    %jmp T_3.4;
T_3.0 ;
    %load/vec4 v0x7fadb1414500_0;
    %store/vec4 v0x7fadb14145b0_0, 0, 32;
    %load/vec4 v0x7fadb1414720_0;
    %store/vec4 v0x7fadb1414810_0, 0, 32;
    %pushi/vec4 0, 0, 32;
    %store/vec4 v0x7fadb1414a00_0, 0, 32;
    %pushi/vec4 1, 0, 2;
    %store/vec4 v0x7fadb1414c60_0, 0, 2;
    %pushi/vec4 0, 0, 1;
    %store/vec4 v0x7fadb1414960_0, 0, 1;
    %jmp T_3.4;
T_3.1 ;
    %load/vec4 v0x7fadb1414440_0;
    %load/vec4 v0x7fadb1414670_0;
    %cmp/ne;
    %jmp/0xz  T_3.5, 4;
    %load/vec4 v0x7fadb1414670_0;
    %load/vec4 v0x7fadb1414440_0;
    %cmp/u;
    %flag_or 5, 4;
    %flag_mov 8, 5;
    %jmp/0 T_3.7, 8;
    %load/vec4 v0x7fadb1414440_0;
    %load/vec4 v0x7fadb1414670_0;
    %sub;
    %jmp/1 T_3.8, 8;
T_3.7 ; End of true expr.
    %load/vec4 v0x7fadb1414440_0;
    %jmp/0 T_3.8, 8;
 ; End of false expr.
    %blend;
T_3.8;
    %store/vec4 v0x7fadb14145b0_0, 0, 32;
    %load/vec4 v0x7fadb1414440_0;
    %load/vec4 v0x7fadb1414670_0;
    %cmp/u;
    %flag_mov 8, 5;
    %jmp/0 T_3.9, 8;
    %load/vec4 v0x7fadb1414670_0;
    %load/vec4 v0x7fadb1414440_0;
    %sub;
    %jmp/1 T_3.10, 8;
T_3.9 ; End of true expr.
    %load/vec4 v0x7fadb1414670_0;
    %jmp/0 T_3.10, 8;
 ; End of false expr.
    %blend;
T_3.10;
    %store/vec4 v0x7fadb1414810_0, 0, 32;
    %pushi/vec4 0, 0, 32;
    %store/vec4 v0x7fadb1414a00_0, 0, 32;
    %pushi/vec4 1, 0, 2;
    %store/vec4 v0x7fadb1414c60_0, 0, 2;
    %jmp T_3.6;
T_3.5 ;
    %pushi/vec4 2, 0, 2;
    %store/vec4 v0x7fadb1414c60_0, 0, 2;
T_3.6 ;
    %jmp T_3.4;
T_3.2 ;
    %load/vec4 v0x7fadb1414440_0;
    %store/vec4 v0x7fadb1414a00_0, 0, 32;
    %pushi/vec4 0, 0, 2;
    %store/vec4 v0x7fadb1414c60_0, 0, 2;
    %pushi/vec4 1, 0, 1;
    %store/vec4 v0x7fadb1414960_0, 0, 1;
    %jmp T_3.4;
T_3.4 ;
    %pop/vec4 1;
    %jmp T_3;
    .thread T_3, $push;
    .scope S_0x7fadb1403170;
T_4 ;
    %pushi/vec4 0, 0, 1;
    %store/vec4 v0x7fadb1414ec0_0, 0, 1;
T_4.0 ;
    %delay 50000, 0;
    %load/vec4 v0x7fadb1414ec0_0;
    %nor/r;
    %store/vec4 v0x7fadb1414ec0_0, 0, 1;
    %jmp T_4.0;
    %end;
    .thread T_4;
    .scope S_0x7fadb14032e0;
T_5 ;
    %pushi/vec4 1000, 0, 32;
    %store/vec4 v0x7fadb1403450_0, 0, 32;
    %pushi/vec4 0, 0, 32;
    %store/vec4 v0x7fadb14134e0_0, 0, 32;
    %pushi/vec4 0, 0, 32;
    %store/vec4 v0x7fadb1413580_0, 0, 32;
    %pushi/vec4 1, 0, 32;
    %store/vec4 v0x7fadb1413630_0, 0, 32;
    %end;
    .thread T_5, $init;
    .scope S_0x7fadb1403170;
T_6 ;
    %fork t_1, S_0x7fadb14032e0;
    %jmp t_0;
    .scope S_0x7fadb14032e0;
t_1 ;
    %pushi/vec4 1, 0, 1;
    %store/vec4 v0x7fadb1415110_0, 0, 1;
    %pushi/vec4 0, 0, 32;
    %store/vec4 v0x7fadb1414da0_0, 0, 32;
    %pushi/vec4 0, 0, 32;
    %store/vec4 v0x7fadb1414e30_0, 0, 32;
    %delay 500000, 0;
    %pushi/vec4 0, 0, 1;
    %store/vec4 v0x7fadb1415110_0, 0, 1;
    %pushi/vec4 14, 0, 32;
    %store/vec4 v0x7fadb1414da0_0, 0, 32;
    %pushi/vec4 161, 0, 32;
    %store/vec4 v0x7fadb1414e30_0, 0, 32;
T_6.0 ;
    %load/vec4 v0x7fadb1413580_0;
    %load/vec4 v0x7fadb1403450_0;
    %cmp/s;
    %jmp/0xz T_6.1, 5;
    %wait E_0x7fadb1403060;
    ; show_stmt_assign_vector: Get l-value for compressed += operand
    %load/vec4 v0x7fadb1413580_0;
    %pushi/vec4 1, 0, 32;
    %add;
    %cast2;
    %store/vec4 v0x7fadb1413580_0, 0, 32;
    %load/vec4 v0x7fadb1414da0_0;
    %cast2;
    %load/vec4 v0x7fadb1414e30_0;
    %cast2;
    %store/vec4 v0x7fadb1413d60_0, 0, 32;
    %store/vec4 v0x7fadb1413cb0_0, 0, 32;
    %callf/vec4 TD_GCDTest.gcd_fcn_while, S_0x7fadb1413ad0;
    %store/vec4 v0x7fadb14134e0_0, 0, 32;
    %load/vec4 v0x7fadb14134e0_0;
    %load/vec4 v0x7fadb1415040_0;
    %cmp/e;
    %jmp/0xz  T_6.2, 4;
    %vpi_call/w 2 46 "$display", "[%4d]-GCD(%4d,%4d): expected=%4d   actual=%4d  PASS", v0x7fadb1413580_0, v0x7fadb1414da0_0, v0x7fadb1414e30_0, v0x7fadb14134e0_0, v0x7fadb1415040_0 {0 0 0};
    %jmp T_6.3;
T_6.2 ;
    %vpi_call/w 2 48 "$display", "[%4d]-GCD(%4d,%4d): expected=%4d   actual=%4d  FAIL", v0x7fadb1413580_0, v0x7fadb1414da0_0, v0x7fadb1414e30_0, v0x7fadb14134e0_0, v0x7fadb1415040_0 {0 0 0};
T_6.3 ;
    %delay 50000, 0;
    %vpi_func 2 51 "$urandom_range" 32, v0x7fadb1403450_0, 32'sb00000000000000000000000000001010 {0 0 0};
    %store/vec4 v0x7fadb1414da0_0, 0, 32;
    %vpi_func 2 52 "$urandom_range" 32, v0x7fadb1403450_0, 32'sb00000000000000000000000000001010 {0 0 0};
    %store/vec4 v0x7fadb1414e30_0, 0, 32;
    %jmp T_6.0;
T_6.1 ;
    %load/vec4 v0x7fadb1413630_0;
    %cmpi/e 1, 0, 32;
    %jmp/0xz  T_6.4, 4;
    %vpi_call/w 2 55 "$display", "Test Pass!" {0 0 0};
    %jmp T_6.5;
T_6.4 ;
    %vpi_call/w 2 57 "$display", "Test Fail :(" {0 0 0};
T_6.5 ;
    %vpi_call/w 2 60 "$finish" {0 0 0};
    %end;
    .scope S_0x7fadb1403170;
t_0 %join;
    %end;
    .thread T_6;
    .scope S_0x7fadb1403170;
T_7 ;
    %vpi_call/w 2 64 "$dumpfile", "gcd_normal.vcd" {0 0 0};
    %vpi_call/w 2 65 "$dumpvars", 32'sb00000000000000000000000000000001 {0 0 0};
    %end;
    .thread T_7;
    .scope S_0x7fadb1403170;
T_8 ;
    %delay 2999545856, 139;
    %vpi_call/w 2 70 "$finish" {0 0 0};
    %end;
    .thread T_8;
# The file index is used to find the file name in the following table.
:file_names 4;
    "N/A";
    "<interactive>";
    "GCDTest.sv";
    "GCD.sv";
